<?xml version="1.0" encoding="UTF-8"?>
<!-- Generated by org.testng.reporters.JUnitXMLReporter -->
<testsuite ignored="0" hostname="2302B-CHINO-MBP.local" failures="0" tests="5" name="Default test" time="744.021" errors="0" timestamp="2024-03-01T16:03:18 SGT">
  <testcase classname="rahulShettyAcademyDataDriven.excelDataProvider.DataDriven_CreateVolunteer" name="testCaseData" time="149.508"/>
  <testcase classname="rahulShettyAcademyDataDriven.excelDataProvider.DataDriven_CreateVolunteer" name="testCaseData" time="146.307"/>
  <testcase classname="rahulShettyAcademyDataDriven.excelDataProvider.DataDriven_CreateVolunteer" name="testCaseData" time="146.924"/>
  <testcase classname="rahulShettyAcademyDataDriven.excelDataProvider.DataDriven_CreateVolunteer" name="testCaseData" time="146.407"/>
  <testcase classname="rahulShettyAcademyDataDriven.excelDataProvider.DataDriven_CreateVolunteer" name="testCaseData" time="153.688"/>
</testsuite> <!-- Default test -->
