<?xml version="1.0" encoding="UTF-8"?>
<testng-results ignored="0" total="5" passed="5" failed="0" skipped="0">
  <reporter-output>
  </reporter-output>
  <suite started-at="2024-03-01T15:50:54 SGT" name="Default suite" finished-at="2024-03-01T16:03:18 SGT" duration-ms="744021">
    <groups>
    </groups>
    <test started-at="2024-03-01T15:50:54 SGT" name="Default test" finished-at="2024-03-01T16:03:18 SGT" duration-ms="744021">
      <class name="rahulShettyAcademyDataDriven.excelDataProvider.DataDriven_CreateVolunteer">
        <test-method signature="testCaseData(java.lang.String,java.lang.String,java.lang.String,java.lang.String,java.lang.String,java.lang.String)[pri:0, instance:rahulShettyAcademyDataDriven.excelDataProvider.DataDriven_CreateVolunteer@13d73f29]" started-at="2024-03-01T15:50:55 SGT" name="testCaseData" data-provider="driveTest" finished-at="2024-03-01T15:53:25 SGT" duration-ms="149508" status="PASS">
          <params>
            <param index="0">
              <value>
                <![CDATA[nda_adminautomation]]>
              </value>
            </param>
            <param index="1">
              <value>
                <![CDATA[S7718545C]]>
              </value>
            </param>
            <param index="2">
              <value>
                <![CDATA[Antton]]>
              </value>
            </param>
            <param index="3">
              <value>
                <![CDATA[Durant]]>
              </value>
            </param>
            <param index="4">
              <value>
                <![CDATA[Antton Durant]]>
              </value>
            </param>
            <param index="5">
              <value>
                <![CDATA[1977]]>
              </value>
            </param>
          </params>
          <reporter-output>
          </reporter-output>
        </test-method> <!-- testCaseData -->
        <test-method signature="testCaseData(java.lang.String,java.lang.String,java.lang.String,java.lang.String,java.lang.String,java.lang.String)[pri:0, instance:rahulShettyAcademyDataDriven.excelDataProvider.DataDriven_CreateVolunteer@13d73f29]" started-at="2024-03-01T15:53:25 SGT" name="testCaseData" data-provider="driveTest" finished-at="2024-03-01T15:55:51 SGT" duration-ms="146307" status="PASS">
          <params>
            <param index="0">
              <value>
                <![CDATA[nda_adminautomation]]>
              </value>
            </param>
            <param index="1">
              <value>
                <![CDATA[S7774646C]]>
              </value>
            </param>
            <param index="2">
              <value>
                <![CDATA[Aaron]]>
              </value>
            </param>
            <param index="3">
              <value>
                <![CDATA[Leila]]>
              </value>
            </param>
            <param index="4">
              <value>
                <![CDATA[Aaron Leila]]>
              </value>
            </param>
            <param index="5">
              <value>
                <![CDATA[1977]]>
              </value>
            </param>
          </params>
          <reporter-output>
          </reporter-output>
        </test-method> <!-- testCaseData -->
        <test-method signature="testCaseData(java.lang.String,java.lang.String,java.lang.String,java.lang.String,java.lang.String,java.lang.String)[pri:0, instance:rahulShettyAcademyDataDriven.excelDataProvider.DataDriven_CreateVolunteer@13d73f29]" started-at="2024-03-01T15:55:51 SGT" name="testCaseData" data-provider="driveTest" finished-at="2024-03-01T15:58:18 SGT" duration-ms="146924" status="PASS">
          <params>
            <param index="0">
              <value>
                <![CDATA[nda_adminautomation]]>
              </value>
            </param>
            <param index="1">
              <value>
                <![CDATA[S7863195C]]>
              </value>
            </param>
            <param index="2">
              <value>
                <![CDATA[Gelsomina]]>
              </value>
            </param>
            <param index="3">
              <value>
                <![CDATA[Leila]]>
              </value>
            </param>
            <param index="4">
              <value>
                <![CDATA[Gelsomina Leila]]>
              </value>
            </param>
            <param index="5">
              <value>
                <![CDATA[1978]]>
              </value>
            </param>
          </params>
          <reporter-output>
          </reporter-output>
        </test-method> <!-- testCaseData -->
        <test-method signature="testCaseData(java.lang.String,java.lang.String,java.lang.String,java.lang.String,java.lang.String,java.lang.String)[pri:0, instance:rahulShettyAcademyDataDriven.excelDataProvider.DataDriven_CreateVolunteer@13d73f29]" started-at="2024-03-01T15:58:18 SGT" name="testCaseData" data-provider="driveTest" finished-at="2024-03-01T16:00:45 SGT" duration-ms="146407" status="PASS">
          <params>
            <param index="0">
              <value>
                <![CDATA[nda_adminautomation]]>
              </value>
            </param>
            <param index="1">
              <value>
                <![CDATA[S7830731E]]>
              </value>
            </param>
            <param index="2">
              <value>
                <![CDATA[Guadalupe]]>
              </value>
            </param>
            <param index="3">
              <value>
                <![CDATA[Bird]]>
              </value>
            </param>
            <param index="4">
              <value>
                <![CDATA[Guadalupe Bird]]>
              </value>
            </param>
            <param index="5">
              <value>
                <![CDATA[1978]]>
              </value>
            </param>
          </params>
          <reporter-output>
          </reporter-output>
        </test-method> <!-- testCaseData -->
        <test-method signature="testCaseData(java.lang.String,java.lang.String,java.lang.String,java.lang.String,java.lang.String,java.lang.String)[pri:0, instance:rahulShettyAcademyDataDriven.excelDataProvider.DataDriven_CreateVolunteer@13d73f29]" started-at="2024-03-01T16:00:45 SGT" name="testCaseData" data-provider="driveTest" finished-at="2024-03-01T16:03:18 SGT" duration-ms="153688" status="PASS">
          <params>
            <param index="0">
              <value>
                <![CDATA[nda_adminautomation]]>
              </value>
            </param>
            <param index="1">
              <value>
                <![CDATA[S7838403D]]>
              </value>
            </param>
            <param index="2">
              <value>
                <![CDATA[Glauco]]>
              </value>
            </param>
            <param index="3">
              <value>
                <![CDATA[Maeihofer]]>
              </value>
            </param>
            <param index="4">
              <value>
                <![CDATA[Glauco Maeihofer]]>
              </value>
            </param>
            <param index="5">
              <value>
                <![CDATA[1978]]>
              </value>
            </param>
          </params>
          <reporter-output>
          </reporter-output>
        </test-method> <!-- testCaseData -->
      </class> <!-- rahulShettyAcademyDataDriven.excelDataProvider.DataDriven_CreateVolunteer -->
    </test> <!-- Default test -->
  </suite> <!-- Default suite -->
</testng-results>
